  main.cpp
C:\Users\Максим\source\repos\lab_5\main.cpp(36,5): error C4235: использовано нестандартное расширение: ключевое слово "__asm" данной архитектурой не поддерживается
C:\Users\Максим\source\repos\lab_5\main.cpp(37,9): error C2065: mov: необъявленный идентификатор
C:\Users\Максим\source\repos\lab_5\main.cpp(37,13): error C2146: синтаксическая ошибка: отсутствие ";" перед идентификатором "esi"
C:\Users\Максим\source\repos\lab_5\main.cpp(37,13): error C2065: esi: необъявленный идентификатор
C:\Users\Максим\source\repos\lab_5\main.cpp(38,9): error C2146: синтаксическая ошибка: отсутствие ";" перед идентификатором "mov"
C:\Users\Максим\source\repos\lab_5\main.cpp(38,9): error C2065: mov: необъявленный идентификатор
C:\Users\Максим\source\repos\lab_5\main.cpp(38,13): error C2146: синтаксическая ошибка: отсутствие ";" перед идентификатором "edi"
C:\Users\Максим\source\repos\lab_5\main.cpp(38,13): error C2065: edi: необъявленный идентификатор
C:\Users\Максим\source\repos\lab_5\main.cpp(39,9): error C2146: синтаксическая ошибка: отсутствие ";" перед идентификатором "mov"
C:\Users\Максим\source\repos\lab_5\main.cpp(39,9): error C2065: mov: необъявленный идентификатор
C:\Users\Максим\source\repos\lab_5\main.cpp(39,13): error C2146: синтаксическая ошибка: отсутствие ";" перед идентификатором "ecx"
C:\Users\Максим\source\repos\lab_5\main.cpp(39,13): error C2065: ecx: необъявленный идентификатор
C:\Users\Максим\source\repos\lab_5\main.cpp(40,9): error C2146: синтаксическая ошибка: отсутствие ";" перед идентификатором "shr"
C:\Users\Максим\source\repos\lab_5\main.cpp(40,9): error C2065: shr: необъявленный идентификатор
C:\Users\Максим\source\repos\lab_5\main.cpp(40,13): error C2146: синтаксическая ошибка: отсутствие ";" перед идентификатором "ecx"
C:\Users\Максим\source\repos\lab_5\main.cpp(40,13): error C2065: ecx: необъявленный идентификатор
C:\Users\Максим\source\repos\lab_5\main.cpp(42,9): error C2146: синтаксическая ошибка: отсутствие ";" перед идентификатором "p0"
C:\Users\Максим\source\repos\lab_5\main.cpp(43,9): error C2065: movdqu: необъявленный идентификатор
C:\Users\Максим\source\repos\lab_5\main.cpp(43,16): error C2146: синтаксическая ошибка: отсутствие ";" перед идентификатором "xmm0"
C:\Users\Максим\source\repos\lab_5\main.cpp(43,16): error C2065: xmm0: необъявленный идентификатор
C:\Users\Максим\source\repos\lab_5\main.cpp(44,13): error C2760: синтаксическая ошибка: непредвиденный элемент "movdqu". Ожидается "{"
C:\Users\Максим\source\repos\lab_5\main.cpp(44,20): error C2065: xmm1: необъявленный идентификатор
C:\Users\Максим\source\repos\lab_5\main.cpp(44,26): error C2065: xmm0: необъявленный идентификатор
C:\Users\Максим\source\repos\lab_5\main.cpp(45,17): error C2146: синтаксическая ошибка: отсутствие "," перед идентификатором "mulps"
C:\Users\Максим\source\repos\lab_5\main.cpp(107,5): error C4235: использовано нестандартное расширение: ключевое слово "__asm" данной архитектурой не поддерживается
C:\Users\Максим\source\repos\lab_5\main.cpp(108,9): error C2065: mov: необъявленный идентификатор
C:\Users\Максим\source\repos\lab_5\main.cpp(108,13): error C2146: синтаксическая ошибка: отсутствие ";" перед идентификатором "esi"
C:\Users\Максим\source\repos\lab_5\main.cpp(108,13): error C2065: esi: необъявленный идентификатор
C:\Users\Максим\source\repos\lab_5\main.cpp(109,9): error C2146: синтаксическая ошибка: отсутствие ";" перед идентификатором "mov"
C:\Users\Максим\source\repos\lab_5\main.cpp(109,9): error C2065: mov: необъявленный идентификатор
C:\Users\Максим\source\repos\lab_5\main.cpp(109,13): error C2146: синтаксическая ошибка: отсутствие ";" перед идентификатором "ebx"
C:\Users\Максим\source\repos\lab_5\main.cpp(109,13): error C2065: ebx: необъявленный идентификатор
C:\Users\Максим\source\repos\lab_5\main.cpp(110,9): error C2146: синтаксическая ошибка: отсутствие ";" перед идентификатором "mov"
C:\Users\Максим\source\repos\lab_5\main.cpp(110,9): error C2065: mov: необъявленный идентификатор
C:\Users\Максим\source\repos\lab_5\main.cpp(110,13): error C2146: синтаксическая ошибка: отсутствие ";" перед идентификатором "ecx"
C:\Users\Максим\source\repos\lab_5\main.cpp(110,13): error C2065: ecx: необъявленный идентификатор
C:\Users\Максим\source\repos\lab_5\main.cpp(112,9): error C2146: синтаксическая ошибка: отсутствие ";" перед идентификатором "p0"
C:\Users\Максим\source\repos\lab_5\main.cpp(113,9): error C2065: movq: необъявленный идентификатор
C:\Users\Максим\source\repos\lab_5\main.cpp(113,14): error C2146: синтаксическая ошибка: отсутствие ";" перед идентификатором "mm0"
C:\Users\Максим\source\repos\lab_5\main.cpp(113,14): error C2065: mm0: необъявленный идентификатор
C:\Users\Максим\source\repos\lab_5\main.cpp(114,13): error C2760: синтаксическая ошибка: непредвиденный элемент "add". Ожидается "{"
C:\Users\Максим\source\repos\lab_5\main.cpp(114,17): error C2065: esi: необъявленный идентификатор
C:\Users\Максим\source\repos\lab_5\main.cpp(115,17): error C2146: синтаксическая ошибка: отсутствие "," перед идентификатором "movq"
C:\Users\Максим\source\repos\lab_5\main.cpp(158,5): error C4235: использовано нестандартное расширение: ключевое слово "__asm" данной архитектурой не поддерживается
C:\Users\Максим\source\repos\lab_5\main.cpp(159,13): error C2065: esi: необъявленный идентификатор
C:\Users\Максим\source\repos\lab_5\main.cpp(159,9): error C3192: синтаксическая ошибка: "^" не является префиксным оператором (возможно, имелось в виду "*"?)
C:\Users\Максим\source\repos\lab_5\main.cpp(159,18): error C2065: esi: необъявленный идентификатор
C:\Users\Максим\source\repos\lab_5\main.cpp(160,9): error C2146: синтаксическая ошибка: отсутствие ";" перед идентификатором "mov"
C:\Users\Максим\source\repos\lab_5\main.cpp(160,9): error C2065: mov: необъявленный идентификатор
C:\Users\Максим\source\repos\lab_5\main.cpp(160,13): error C2146: синтаксическая ошибка: отсутствие ";" перед идентификатором "esi"
C:\Users\Максим\source\repos\lab_5\main.cpp(160,13): error C2065: esi: необъявленный идентификатор
C:\Users\Максим\source\repos\lab_5\main.cpp(161,9): error C2146: синтаксическая ошибка: отсутствие ";" перед идентификатором "mov"
C:\Users\Максим\source\repos\lab_5\main.cpp(161,9): error C2065: mov: необъявленный идентификатор
C:\Users\Максим\source\repos\lab_5\main.cpp(161,13): error C2146: синтаксическая ошибка: отсутствие ";" перед идентификатором "ecx"
C:\Users\Максим\source\repos\lab_5\main.cpp(161,13): error C2065: ecx: необъявленный идентификатор
C:\Users\Максим\source\repos\lab_5\main.cpp(163,9): error C2146: синтаксическая ошибка: отсутствие ";" перед идентификатором "lp"
C:\Users\Максим\source\repos\lab_5\main.cpp(164,9): error C2065: movq: необъявленный идентификатор
C:\Users\Максим\source\repos\lab_5\main.cpp(164,14): error C2146: синтаксическая ошибка: отсутствие ";" перед идентификатором "mm0"
C:\Users\Максим\source\repos\lab_5\main.cpp(164,14): error C2065: mm0: необъявленный идентификатор
C:\Users\Максим\source\repos\lab_5\main.cpp(165,13): error C2760: синтаксическая ошибка: непредвиденный элемент "movq". Ожидается "{"
C:\Users\Максим\source\repos\lab_5\main.cpp(165,18): error C2065: mm1: необъявленный идентификатор
C:\Users\Максим\source\repos\lab_5\main.cpp(165,23): error C2065: mm0: необъявленный идентификатор
C:\Users\Максим\source\repos\lab_5\main.cpp(166,17): error C2146: синтаксическая ошибка: отсутствие "," перед идентификатором "psrlq"
C:\Users\Максим\source\repos\lab_5\main.cpp(235,5): error C4235: использовано нестандартное расширение: ключевое слово "__asm" данной архитектурой не поддерживается
C:\Users\Максим\source\repos\lab_5\main.cpp(236,9): error C2065: mov: необъявленный идентификатор
C:\Users\Максим\source\repos\lab_5\main.cpp(236,13): error C2146: синтаксическая ошибка: отсутствие ";" перед идентификатором "esi"
C:\Users\Максим\source\repos\lab_5\main.cpp(236,13): error C2065: esi: необъявленный идентификатор
C:\Users\Максим\source\repos\lab_5\main.cpp(237,9): error C2146: синтаксическая ошибка: отсутствие ";" перед идентификатором "mov"
C:\Users\Максим\source\repos\lab_5\main.cpp(237,9): error C2065: mov: необъявленный идентификатор
C:\Users\Максим\source\repos\lab_5\main.cpp(237,13): error C2146: синтаксическая ошибка: отсутствие ";" перед идентификатором "ebx"
C:\Users\Максим\source\repos\lab_5\main.cpp(237,13): error C2065: ebx: необъявленный идентификатор
C:\Users\Максим\source\repos\lab_5\main.cpp(238,9): error C2146: синтаксическая ошибка: отсутствие ";" перед идентификатором "mov"
C:\Users\Максим\source\repos\lab_5\main.cpp(238,9): error C2065: mov: необъявленный идентификатор
C:\Users\Максим\source\repos\lab_5\main.cpp(238,13): error C2146: синтаксическая ошибка: отсутствие ";" перед идентификатором "ecx"
C:\Users\Максим\source\repos\lab_5\main.cpp(238,13): error C2065: ecx: необъявленный идентификатор
C:\Users\Максим\source\repos\lab_5\main.cpp(240,9): error C2146: синтаксическая ошибка: отсутствие ";" перед идентификатором "p0"
C:\Users\Максим\source\repos\lab_5\main.cpp(241,9): error C2065: mov: необъявленный идентификатор
C:\Users\Максим\source\repos\lab_5\main.cpp(241,13): error C2146: синтаксическая ошибка: отсутствие ";" перед идентификатором "eax"
C:\Users\Максим\source\repos\lab_5\main.cpp(241,13): error C2065: eax: необъявленный идентификатор
C:\Users\Максим\source\repos\lab_5\main.cpp(242,13): error C2146: синтаксическая ошибка: отсутствие ";" перед идентификатором "movq"
C:\Users\Максим\source\repos\lab_5\main.cpp(242,13): error C2065: movq: необъявленный идентификатор
C:\Users\Максим\source\repos\lab_5\main.cpp(242,18): error C2146: синтаксическая ошибка: отсутствие ";" перед идентификатором "mm0"
C:\Users\Максим\source\repos\lab_5\main.cpp(242,18): error C2065: mm0: необъявленный идентификатор
C:\Users\Максим\source\repos\lab_5\main.cpp(243,13): error C2760: синтаксическая ошибка: непредвиденный элемент "sum". Ожидается "{"
C:\Users\Максим\source\repos\lab_5\main.cpp(243,17): error C2059: синтаксическая ошибка: :
